This file contains any messages produced by compilers while
running configure, to aid debugging if configure makes a mistake.

It was created by xapian-core configure 1.0.11, which was
generated by GNU Autoconf 2.63.  Invocation command line was

  $ ./configure 

## --------- ##
## Platform. ##
## --------- ##

hostname = CMU-322400.WV.CC.CMU.EDU
uname -m = i386
uname -r = 9.6.2
uname -s = Darwin
uname -v = Darwin Kernel Version 9.6.2: Tue Jan 13 20:42:22 PST 2009; root:xnu-1228.9.80~1/RELEASE_I386

/usr/bin/uname -p = i386
/bin/uname -X     = unknown

/bin/arch              = unknown
/usr/bin/arch -k       = unknown
/usr/convex/getsysinfo = unknown
/usr/bin/hostinfo      = Mach kernel version:
	 Darwin Kernel Version 9.6.2: Tue Jan 13 20:42:22 PST 2009; root:xnu-1228.9.80~1/RELEASE_I386
Kernel configured for up to 2 processors.
2 processors are physically available.
2 processors are logically available.
Processor type: i486 (Intel 80486)
Processors active: 0 1
Primary memory available: 4.00 gigabytes
Default processor set: 51 tasks, 195 threads, 2 processors
Load average: 0.36, Mach factor: 1.63
/bin/machine           = unknown
/usr/bin/oslevel       = unknown
/bin/universe          = unknown

PATH: /usr/bin
PATH: /bin
PATH: /usr/sbin
PATH: /sbin
PATH: /usr/local/bin
PATH: /usr/X11/bin
PATH: /usr/local/git/bin


## ----------- ##
## Core tests. ##
## ----------- ##

configure:2190: checking for a BSD-compatible install
configure:2258: result: /usr/bin/install -c
configure:2269: checking whether build environment is sane
configure:2312: result: yes
configure:2337: checking for a thread-safe mkdir -p
configure:2376: result: ./install-sh -c -d
configure:2389: checking for gawk
configure:2419: result: no
configure:2389: checking for mawk
configure:2419: result: no
configure:2389: checking for nawk
configure:2419: result: no
configure:2389: checking for awk
configure:2405: found /usr/bin/awk
configure:2416: result: awk
configure:2427: checking whether make sets $(MAKE)
configure:2449: result: yes
configure:2628: checking how to create a ustar tar archive
configure:2641: tar --version
tar (GNU tar) 1.15.1
configure:2644: $? = 0
configure:2684: tardir=conftest.dir && eval tar --format=ustar -chf - "$tardir" >conftest.tar
configure:2687: $? = 0
configure:2691: tar -xf - <conftest.tar
configure:2694: $? = 0
configure:2707: result: gnutar
configure:2801: checking build system type
configure:2819: result: i386-apple-darwin9.6.2
configure:2841: checking host system type
configure:2856: result: i386-apple-darwin9.6.2
configure:2890: checking for style of include used by make
configure:2918: result: GNU
configure:2988: checking for gcc
configure:3004: found /usr/bin/gcc
configure:3015: result: gcc
configure:3247: checking for C compiler version
configure:3255: gcc --version >&5
i686-apple-darwin9-gcc-4.0.1 (GCC) 4.0.1 (Apple Inc. build 5490)
Copyright (C) 2005 Free Software Foundation, Inc.
This is free software; see the source for copying conditions.  There is NO
warranty; not even for MERCHANTABILITY or FITNESS FOR A PARTICULAR PURPOSE.

configure:3259: $? = 0
configure:3266: gcc -v >&5
Using built-in specs.
Target: i686-apple-darwin9
Configured with: /var/tmp/gcc/gcc-5490~1/src/configure --disable-checking -enable-werror --prefix=/usr --mandir=/share/man --enable-languages=c,objc,c++,obj-c++ --program-transform-name=/^[cg][^.-]*$/s/$/-4.0/ --with-gxx-include-dir=/include/c++/4.0.0 --with-slibdir=/usr/lib --build=i686-apple-darwin9 --with-arch=apple --with-tune=generic --host=i686-apple-darwin9 --target=i686-apple-darwin9
Thread model: posix
gcc version 4.0.1 (Apple Inc. build 5490)
configure:3270: $? = 0
configure:3277: gcc -V >&5
gcc-4.0: argument to `-V' is missing
configure:3281: $? = 1
configure:3304: checking for C compiler default output file name
configure:3326: gcc    conftest.c  >&5
configure:3330: $? = 0
configure:3368: result: a.out
configure:3387: checking whether the C compiler works
configure:3397: ./a.out
configure:3401: $? = 0
configure:3420: result: yes
configure:3427: checking whether we are cross compiling
configure:3429: result: no
configure:3432: checking for suffix of executables
configure:3439: gcc -o conftest    conftest.c  >&5
configure:3443: $? = 0
configure:3469: result: 
configure:3475: checking for suffix of object files
configure:3501: gcc -c   conftest.c >&5
configure:3505: $? = 0
configure:3530: result: o
configure:3534: checking whether we are using the GNU C compiler
configure:3563: gcc -c   conftest.c >&5
configure:3570: $? = 0
configure:3587: result: yes
configure:3596: checking whether gcc accepts -g
configure:3626: gcc -c -g  conftest.c >&5
configure:3633: $? = 0
configure:3734: result: yes
configure:3751: checking for gcc option to accept ISO C89
configure:3825: gcc  -c -g -O2  conftest.c >&5
configure:3832: $? = 0
configure:3855: result: none needed
configure:3875: checking dependency style of gcc
configure:3966: result: gcc3
configure:3981: checking for a sed that does not truncate output
configure:4037: result: /usr/bin/sed
configure:4040: checking for grep that handles long lines and -e
configure:4100: result: /usr/bin/grep
configure:4105: checking for egrep
configure:4169: result: /usr/bin/grep -E
configure:4185: checking for ld used by gcc
configure:4252: result: /usr/libexec/gcc/i686-apple-darwin9/4.0.1/ld
configure:4261: checking if the linker (/usr/libexec/gcc/i686-apple-darwin9/4.0.1/ld) is GNU ld
configure:4276: result: no
configure:4281: checking for /usr/libexec/gcc/i686-apple-darwin9/4.0.1/ld option to reload object files
configure:4288: result: -r
configure:4306: checking for BSD-compatible nm
configure:4355: result: /usr/bin/nm -p
configure:4359: checking whether ln -s works
configure:4363: result: yes
configure:4370: checking how to recognize dependent libraries
configure:4556: result: pass_all
configure:4805: checking how to run the C preprocessor
configure:4845: gcc -E  conftest.c
configure:4852: $? = 0
configure:4883: gcc -E  conftest.c
conftest.c:10:28: error: ac_nonexistent.h: No such file or directory
configure:4890: $? = 1
configure: failed program was:
| /* confdefs.h.  */
| #define PACKAGE_NAME "xapian-core"
| #define PACKAGE_TARNAME "xapian-core"
| #define PACKAGE_VERSION "1.0.11"
| #define PACKAGE_STRING "xapian-core 1.0.11"
| #define PACKAGE_BUGREPORT "http://xapian.org/bugs"
| #define PACKAGE "xapian-core"
| #define VERSION "1.0.11"
| /* end confdefs.h.  */
| #include <ac_nonexistent.h>
configure:4923: result: gcc -E
configure:4952: gcc -E  conftest.c
configure:4959: $? = 0
configure:4990: gcc -E  conftest.c
conftest.c:10:28: error: ac_nonexistent.h: No such file or directory
configure:4997: $? = 1
configure: failed program was:
| /* confdefs.h.  */
| #define PACKAGE_NAME "xapian-core"
| #define PACKAGE_TARNAME "xapian-core"
| #define PACKAGE_VERSION "1.0.11"
| #define PACKAGE_STRING "xapian-core 1.0.11"
| #define PACKAGE_BUGREPORT "http://xapian.org/bugs"
| #define PACKAGE "xapian-core"
| #define VERSION "1.0.11"
| /* end confdefs.h.  */
| #include <ac_nonexistent.h>
configure:5037: checking for ANSI C header files
configure:5067: gcc -c -g -O2  conftest.c >&5
configure:5074: $? = 0
configure:5173: gcc -o conftest -g -O2   conftest.c  >&5
configure:5177: $? = 0
configure:5183: ./conftest
configure:5187: $? = 0
configure:5205: result: yes
configure:5229: checking for sys/types.h
configure:5250: gcc -c -g -O2  conftest.c >&5
configure:5257: $? = 0
configure:5274: result: yes
configure:5229: checking for sys/stat.h
configure:5250: gcc -c -g -O2  conftest.c >&5
configure:5257: $? = 0
configure:5274: result: yes
configure:5229: checking for stdlib.h
configure:5250: gcc -c -g -O2  conftest.c >&5
configure:5257: $? = 0
configure:5274: result: yes
configure:5229: checking for string.h
configure:5250: gcc -c -g -O2  conftest.c >&5
configure:5257: $? = 0
configure:5274: result: yes
configure:5229: checking for memory.h
configure:5250: gcc -c -g -O2  conftest.c >&5
configure:5257: $? = 0
configure:5274: result: yes
configure:5229: checking for strings.h
configure:5250: gcc -c -g -O2  conftest.c >&5
configure:5257: $? = 0
configure:5274: result: yes
configure:5229: checking for inttypes.h
configure:5250: gcc -c -g -O2  conftest.c >&5
configure:5257: $? = 0
configure:5274: result: yes
configure:5229: checking for stdint.h
configure:5250: gcc -c -g -O2  conftest.c >&5
configure:5257: $? = 0
configure:5274: result: yes
configure:5229: checking for unistd.h
configure:5250: gcc -c -g -O2  conftest.c >&5
configure:5257: $? = 0
configure:5274: result: yes
configure:5304: checking dlfcn.h usability
configure:5321: gcc -c -g -O2  conftest.c >&5
configure:5328: $? = 0
configure:5342: result: yes
configure:5346: checking dlfcn.h presence
configure:5361: gcc -E  conftest.c
configure:5368: $? = 0
configure:5382: result: yes
configure:5415: checking for dlfcn.h
configure:5424: result: yes
configure:5497: checking for g++
configure:5513: found /usr/bin/g++
configure:5524: result: g++
configure:5551: checking for C++ compiler version
configure:5559: g++ --version >&5
i686-apple-darwin9-g++-4.0.1 (GCC) 4.0.1 (Apple Inc. build 5490)
Copyright (C) 2005 Free Software Foundation, Inc.
This is free software; see the source for copying conditions.  There is NO
warranty; not even for MERCHANTABILITY or FITNESS FOR A PARTICULAR PURPOSE.

configure:5563: $? = 0
configure:5570: g++ -v >&5
Using built-in specs.
Target: i686-apple-darwin9
Configured with: /var/tmp/gcc/gcc-5490~1/src/configure --disable-checking -enable-werror --prefix=/usr --mandir=/share/man --enable-languages=c,objc,c++,obj-c++ --program-transform-name=/^[cg][^.-]*$/s/$/-4.0/ --with-gxx-include-dir=/include/c++/4.0.0 --with-slibdir=/usr/lib --build=i686-apple-darwin9 --with-arch=apple --with-tune=generic --host=i686-apple-darwin9 --target=i686-apple-darwin9
Thread model: posix
gcc version 4.0.1 (Apple Inc. build 5490)
configure:5574: $? = 0
configure:5581: g++ -V >&5
g++-4.0: argument to `-V' is missing
configure:5585: $? = 1
configure:5588: checking whether we are using the GNU C++ compiler
configure:5617: g++ -c   conftest.cpp >&5
configure:5624: $? = 0
configure:5641: result: yes
configure:5650: checking whether g++ accepts -g
configure:5680: g++ -c -g  conftest.cpp >&5
configure:5687: $? = 0
configure:5788: result: yes
configure:5813: checking dependency style of g++
configure:5904: result: gcc3
configure:5929: checking how to run the C++ preprocessor
configure:5965: g++ -E  conftest.cpp
configure:5972: $? = 0
configure:6003: g++ -E  conftest.cpp
conftest.cpp:21:28: error: ac_nonexistent.h: No such file or directory
configure:6010: $? = 1
configure: failed program was:
| /* confdefs.h.  */
| #define PACKAGE_NAME "xapian-core"
| #define PACKAGE_TARNAME "xapian-core"
| #define PACKAGE_VERSION "1.0.11"
| #define PACKAGE_STRING "xapian-core 1.0.11"
| #define PACKAGE_BUGREPORT "http://xapian.org/bugs"
| #define PACKAGE "xapian-core"
| #define VERSION "1.0.11"
| #define STDC_HEADERS 1
| #define HAVE_SYS_TYPES_H 1
| #define HAVE_SYS_STAT_H 1
| #define HAVE_STDLIB_H 1
| #define HAVE_STRING_H 1
| #define HAVE_MEMORY_H 1
| #define HAVE_STRINGS_H 1
| #define HAVE_INTTYPES_H 1
| #define HAVE_STDINT_H 1
| #define HAVE_UNISTD_H 1
| #define HAVE_DLFCN_H 1
| /* end confdefs.h.  */
| #include <ac_nonexistent.h>
configure:6043: result: g++ -E
configure:6072: g++ -E  conftest.cpp
configure:6079: $? = 0
configure:6110: g++ -E  conftest.cpp
conftest.cpp:21:28: error: ac_nonexistent.h: No such file or directory
configure:6117: $? = 1
configure: failed program was:
| /* confdefs.h.  */
| #define PACKAGE_NAME "xapian-core"
| #define PACKAGE_TARNAME "xapian-core"
| #define PACKAGE_VERSION "1.0.11"
| #define PACKAGE_STRING "xapian-core 1.0.11"
| #define PACKAGE_BUGREPORT "http://xapian.org/bugs"
| #define PACKAGE "xapian-core"
| #define VERSION "1.0.11"
| #define STDC_HEADERS 1
| #define HAVE_SYS_TYPES_H 1
| #define HAVE_SYS_STAT_H 1
| #define HAVE_STDLIB_H 1
| #define HAVE_STRING_H 1
| #define HAVE_MEMORY_H 1
| #define HAVE_STRINGS_H 1
| #define HAVE_INTTYPES_H 1
| #define HAVE_STDINT_H 1
| #define HAVE_UNISTD_H 1
| #define HAVE_DLFCN_H 1
| /* end confdefs.h.  */
| #include <ac_nonexistent.h>
configure:6162: checking the maximum length of command line arguments
configure:6274: result: 196608
configure:6286: checking command to parse /usr/bin/nm -p output from gcc object
configure:6391: g++ -c -g -O2  conftest.cpp >&5
configure:6394: $? = 0
configure:6398: /usr/bin/nm -p conftest.o \| sed -n -e 's/^.*[ 	]\([BCDEGRST][BCDEGRST]*\)[ 	][ 	]*\([_A-Za-z][_A-Za-z0-9]*\)$/\1 \2 \2/p' \> conftest.nm
configure:6401: $? = 0
cannot find nm_test_var in conftest.nm
configure:6391: g++ -c -g -O2  conftest.cpp >&5
configure:6394: $? = 0
configure:6398: /usr/bin/nm -p conftest.o \| sed -n -e 's/^.*[ 	]\([BCDEGRST][BCDEGRST]*\)[ 	][ 	]*_\([_A-Za-z][_A-Za-z0-9]*\)$/\1 _\2 \2/p' \> conftest.nm
configure:6401: $? = 0
configure:6453: g++ -o conftest -g -O2   conftest.cpp conftstm.o >&5
configure:6456: $? = 0
configure:6494: result: ok
configure:6498: checking for objdir
configure:6513: result: .libs
configure:6605: checking for ar
configure:6621: found /usr/bin/ar
configure:6632: result: ar
configure:6697: checking for ranlib
configure:6713: found /usr/bin/ranlib
configure:6724: result: ranlib
configure:6789: checking for strip
configure:6805: found /usr/bin/strip
configure:6816: result: strip
configure:7069: checking for dsymutil
configure:7085: found /usr/bin/dsymutil
configure:7096: result: dsymutil
configure:7161: checking for nmedit
configure:7177: found /usr/bin/nmedit
configure:7188: result: nmedit
configure:7211: checking for -single_module linker flag
configure:7232: result: yes
configure:7234: checking for -exported_symbols_list linker flag
configure:7264: g++ -o conftest -g -O2   -Wl,-exported_symbols_list,conftest.sym conftest.cpp  >&5
configure:7271: $? = 0
configure:7293: result: yes
configure:7406: checking if gcc supports -fno-rtti -fno-exceptions
configure:7424: gcc -c -g -O2  -fno-rtti -fno-exceptions conftest.c >&5
cc1: warning: command line option "-fno-rtti" is valid for C++/ObjC++ but not for C
configure:7428: $? = 0
configure:7441: result: no
configure:7456: checking for gcc option to produce PIC
configure:7688: result: -fno-common
configure:7696: checking if gcc PIC flag -fno-common works
configure:7714: gcc -c -g -O2  -fno-common -DPIC conftest.c >&5
configure:7718: $? = 0
configure:7731: result: yes
configure:7759: checking if gcc static flag -static works
configure:7787: result: no
configure:7797: checking if gcc supports -c -o file.o
configure:7818: gcc -c -g -O2  -o out/conftest2.o conftest.c >&5
configure:7822: $? = 0
configure:7844: result: yes
configure:7870: checking whether the gcc linker (/usr/libexec/gcc/i686-apple-darwin9/4.0.1/ld) supports shared libraries
configure:8858: result: yes
configure:8925: checking dynamic linker characteristics
configure:9527: result: darwin9.6.2 dyld
configure:9551: checking how to hardcode library paths into programs
configure:9576: result: immediate
configure:9590: checking whether stripping libraries is possible
configure:9604: result: yes
configure:10425: checking if libtool supports shared libraries
configure:10427: result: yes
configure:10430: checking whether to build shared libraries
configure:10451: result: yes
configure:10454: checking whether to build static libraries
configure:10458: result: yes
configure:10552: creating libtool
configure:11145: checking for ld used by g++
configure:11212: result: /usr/libexec/gcc/i686-apple-darwin9/4.0.1/ld
configure:11221: checking if the linker (/usr/libexec/gcc/i686-apple-darwin9/4.0.1/ld) is GNU ld
configure:11236: result: no
configure:11287: checking whether the g++ linker (/usr/libexec/gcc/i686-apple-darwin9/4.0.1/ld) supports shared libraries
configure:12241: result: yes
configure:12258: g++ -c -g -O2  conftest.cpp >&5
configure:12261: $? = 0
configure:12417: checking for g++ option to produce PIC
configure:12701: result: -fno-common
configure:12709: checking if g++ PIC flag -fno-common works
configure:12727: g++ -c -g -O2  -fno-common -DPIC conftest.cpp >&5
configure:12731: $? = 0
configure:12744: result: yes
configure:12772: checking if g++ static flag -static works
configure:12800: result: no
configure:12810: checking if g++ supports -c -o file.o
configure:12831: g++ -c -g -O2  -o out/conftest2.o conftest.cpp >&5
configure:12835: $? = 0
configure:12857: result: yes
configure:12883: checking whether the g++ linker (/usr/libexec/gcc/i686-apple-darwin9/4.0.1/ld) supports shared libraries
configure:12909: result: yes
configure:12976: checking dynamic linker characteristics
configure:13526: result: darwin9.6.2 dyld
configure:13550: checking how to hardcode library paths into programs
configure:13575: result: immediate
configure:14125: checking whether to enable maintainer-specific portions of Makefiles
configure:14134: result: no
configure:14260: checking for C++ compiler version
configure:14268: g++ --version >&5
i686-apple-darwin9-g++-4.0.1 (GCC) 4.0.1 (Apple Inc. build 5490)
Copyright (C) 2005 Free Software Foundation, Inc.
This is free software; see the source for copying conditions.  There is NO
warranty; not even for MERCHANTABILITY or FITNESS FOR A PARTICULAR PURPOSE.

configure:14272: $? = 0
configure:14279: g++ -v >&5
Using built-in specs.
Target: i686-apple-darwin9
Configured with: /var/tmp/gcc/gcc-5490~1/src/configure --disable-checking -enable-werror --prefix=/usr --mandir=/share/man --enable-languages=c,objc,c++,obj-c++ --program-transform-name=/^[cg][^.-]*$/s/$/-4.0/ --with-gxx-include-dir=/include/c++/4.0.0 --with-slibdir=/usr/lib --build=i686-apple-darwin9 --with-arch=apple --with-tune=generic --host=i686-apple-darwin9 --target=i686-apple-darwin9
Thread model: posix
gcc version 4.0.1 (Apple Inc. build 5490)
configure:14283: $? = 0
configure:14290: g++ -V >&5
g++-4.0: argument to `-V' is missing
configure:14294: $? = 1
configure:14297: checking whether we are using the GNU C++ compiler
configure:14350: result: yes
configure:14359: checking whether g++ accepts -g
configure:14497: result: yes
configure:14522: checking dependency style of g++
configure:14613: result: gcc3
configure:14636: checking whether g++ is a working C++ compiler
configure:14705: g++ -o conftest -g -O2   conftest.cpp  >&5
configure:14709: $? = 0
configure:14715: ./conftest
configure:14719: $? = 0
configure:14738: result: yes
configure:14829: checking for gcc
configure:14856: result: gcc
configure:15088: checking for C compiler version
configure:15096: gcc --version >&5
i686-apple-darwin9-gcc-4.0.1 (GCC) 4.0.1 (Apple Inc. build 5490)
Copyright (C) 2005 Free Software Foundation, Inc.
This is free software; see the source for copying conditions.  There is NO
warranty; not even for MERCHANTABILITY or FITNESS FOR A PARTICULAR PURPOSE.

configure:15100: $? = 0
configure:15107: gcc -v >&5
Using built-in specs.
Target: i686-apple-darwin9
Configured with: /var/tmp/gcc/gcc-5490~1/src/configure --disable-checking -enable-werror --prefix=/usr --mandir=/share/man --enable-languages=c,objc,c++,obj-c++ --program-transform-name=/^[cg][^.-]*$/s/$/-4.0/ --with-gxx-include-dir=/include/c++/4.0.0 --with-slibdir=/usr/lib --build=i686-apple-darwin9 --with-arch=apple --with-tune=generic --host=i686-apple-darwin9 --target=i686-apple-darwin9
Thread model: posix
gcc version 4.0.1 (Apple Inc. build 5490)
configure:15111: $? = 0
configure:15118: gcc -V >&5
gcc-4.0: argument to `-V' is missing
configure:15122: $? = 1
configure:15125: checking whether we are using the GNU C compiler
configure:15178: result: yes
configure:15187: checking whether gcc accepts -g
configure:15325: result: yes
configure:15342: checking for gcc option to accept ISO C89
configure:15446: result: none needed
configure:15466: checking dependency style of gcc
configure:15557: result: gcc3
configure:15628: checking for g++ options to enable ANSI C++ mode
configure:15631: result: none required
configure:15709: checking if -lm is required for maths functions
configure:15733: g++ -o conftest -g -O2   conftest.cpp  >&5
configure:15740: $? = 0
configure:15748: result: no
configure:15815: checking if RTTI is supported
configure:15838: g++ -c -g -O2  conftest.cpp >&5
configure:15845: $? = 0
configure:15850: result: yes
configure:15872: checking for gettimeofday
configure:15928: g++ -o conftest -g -O2   conftest.cpp  >&5
configure:15935: $? = 0
configure:15957: result: yes
configure:15872: checking for ftime
configure:15928: g++ -o conftest -g -O2   conftest.cpp  >&5
configure:15935: $? = 0
configure:15957: result: yes
configure:15970: checking return type of ftime
configure:15994: g++ -c -g -O2  conftest.cpp >&5
configure:16001: $? = 0
configure:16006: result: int
configure:16028: checking for sys/utsname.h
configure:16049: g++ -c -g -O2  conftest.cpp >&5
configure:16056: $? = 0
configure:16073: result: yes
configure:16090: checking for gethostname
configure:16146: g++ -o conftest -g -O2   conftest.cpp  >&5
configure:16153: $? = 0
configure:16175: result: yes
configure:16188: checking for ssize_t
configure:16216: g++ -c -g -O2  conftest.cpp >&5
configure:16223: $? = 0
configure:16250: g++ -c -g -O2  conftest.cpp >&5
conftest.cpp: In function 'int main()':
conftest.cpp:62: error: expected primary-expression before ')' token
configure:16257: $? = 1
configure: failed program was:
| /* confdefs.h.  */
| #define PACKAGE_NAME "xapian-core"
| #define PACKAGE_TARNAME "xapian-core"
| #define PACKAGE_VERSION "1.0.11"
| #define PACKAGE_STRING "xapian-core 1.0.11"
| #define PACKAGE_BUGREPORT "http://xapian.org/bugs"
| #define PACKAGE "xapian-core"
| #define VERSION "1.0.11"
| #define STDC_HEADERS 1
| #define HAVE_SYS_TYPES_H 1
| #define HAVE_SYS_STAT_H 1
| #define HAVE_STDLIB_H 1
| #define HAVE_STRING_H 1
| #define HAVE_MEMORY_H 1
| #define HAVE_STRINGS_H 1
| #define HAVE_INTTYPES_H 1
| #define HAVE_STDINT_H 1
| #define HAVE_UNISTD_H 1
| #define HAVE_DLFCN_H 1
| #define USE_RTTI 1
| #define HAVE_GETTIMEOFDAY 1
| #define HAVE_FTIME 1
| #define HAVE_SYS_UTSNAME_H 1
| #define HAVE_GETHOSTNAME 1
| /* end confdefs.h.  */
| #include <stdio.h>
| #ifdef HAVE_SYS_TYPES_H
| # include <sys/types.h>
| #endif
| #ifdef HAVE_SYS_STAT_H
| # include <sys/stat.h>
| #endif
| #ifdef STDC_HEADERS
| # include <stdlib.h>
| # include <stddef.h>
| #else
| # ifdef HAVE_STDLIB_H
| #  include <stdlib.h>
| # endif
| #endif
| #ifdef HAVE_STRING_H
| # if !defined STDC_HEADERS && defined HAVE_MEMORY_H
| #  include <memory.h>
| # endif
| # include <string.h>
| #endif
| #ifdef HAVE_STRINGS_H
| # include <strings.h>
| #endif
| #ifdef HAVE_INTTYPES_H
| # include <inttypes.h>
| #endif
| #ifdef HAVE_STDINT_H
| # include <stdint.h>
| #endif
| #ifdef HAVE_UNISTD_H
| # include <unistd.h>
| #endif
| int
| main ()
| {
| if (sizeof ((ssize_t)))
| 	  return 0;
|   ;
|   return 0;
| }
configure:16280: result: yes
configure:16293: checking for pid_t
configure:16321: g++ -c -g -O2  conftest.cpp >&5
configure:16328: $? = 0
configure:16355: g++ -c -g -O2  conftest.cpp >&5
conftest.cpp: In function 'int main()':
conftest.cpp:62: error: expected primary-expression before ')' token
configure:16362: $? = 1
configure: failed program was:
| /* confdefs.h.  */
| #define PACKAGE_NAME "xapian-core"
| #define PACKAGE_TARNAME "xapian-core"
| #define PACKAGE_VERSION "1.0.11"
| #define PACKAGE_STRING "xapian-core 1.0.11"
| #define PACKAGE_BUGREPORT "http://xapian.org/bugs"
| #define PACKAGE "xapian-core"
| #define VERSION "1.0.11"
| #define STDC_HEADERS 1
| #define HAVE_SYS_TYPES_H 1
| #define HAVE_SYS_STAT_H 1
| #define HAVE_STDLIB_H 1
| #define HAVE_STRING_H 1
| #define HAVE_MEMORY_H 1
| #define HAVE_STRINGS_H 1
| #define HAVE_INTTYPES_H 1
| #define HAVE_STDINT_H 1
| #define HAVE_UNISTD_H 1
| #define HAVE_DLFCN_H 1
| #define USE_RTTI 1
| #define HAVE_GETTIMEOFDAY 1
| #define HAVE_FTIME 1
| #define HAVE_SYS_UTSNAME_H 1
| #define HAVE_GETHOSTNAME 1
| /* end confdefs.h.  */
| #include <stdio.h>
| #ifdef HAVE_SYS_TYPES_H
| # include <sys/types.h>
| #endif
| #ifdef HAVE_SYS_STAT_H
| # include <sys/stat.h>
| #endif
| #ifdef STDC_HEADERS
| # include <stdlib.h>
| # include <stddef.h>
| #else
| # ifdef HAVE_STDLIB_H
| #  include <stdlib.h>
| # endif
| #endif
| #ifdef HAVE_STRING_H
| # if !defined STDC_HEADERS && defined HAVE_MEMORY_H
| #  include <memory.h>
| # endif
| # include <string.h>
| #endif
| #ifdef HAVE_STRINGS_H
| # include <strings.h>
| #endif
| #ifdef HAVE_INTTYPES_H
| # include <inttypes.h>
| #endif
| #ifdef HAVE_STDINT_H
| # include <stdint.h>
| #endif
| #ifdef HAVE_UNISTD_H
| # include <unistd.h>
| #endif
| int
| main ()
| {
| if (sizeof ((pid_t)))
| 	  return 0;
|   ;
|   return 0;
| }
configure:16385: result: yes
configure:16398: checking for mode_t
configure:16426: g++ -c -g -O2  conftest.cpp >&5
configure:16433: $? = 0
configure:16460: g++ -c -g -O2  conftest.cpp >&5
conftest.cpp: In function 'int main()':
conftest.cpp:62: error: expected primary-expression before ')' token
configure:16467: $? = 1
configure: failed program was:
| /* confdefs.h.  */
| #define PACKAGE_NAME "xapian-core"
| #define PACKAGE_TARNAME "xapian-core"
| #define PACKAGE_VERSION "1.0.11"
| #define PACKAGE_STRING "xapian-core 1.0.11"
| #define PACKAGE_BUGREPORT "http://xapian.org/bugs"
| #define PACKAGE "xapian-core"
| #define VERSION "1.0.11"
| #define STDC_HEADERS 1
| #define HAVE_SYS_TYPES_H 1
| #define HAVE_SYS_STAT_H 1
| #define HAVE_STDLIB_H 1
| #define HAVE_STRING_H 1
| #define HAVE_MEMORY_H 1
| #define HAVE_STRINGS_H 1
| #define HAVE_INTTYPES_H 1
| #define HAVE_STDINT_H 1
| #define HAVE_UNISTD_H 1
| #define HAVE_DLFCN_H 1
| #define USE_RTTI 1
| #define HAVE_GETTIMEOFDAY 1
| #define HAVE_FTIME 1
| #define HAVE_SYS_UTSNAME_H 1
| #define HAVE_GETHOSTNAME 1
| /* end confdefs.h.  */
| #include <stdio.h>
| #ifdef HAVE_SYS_TYPES_H
| # include <sys/types.h>
| #endif
| #ifdef HAVE_SYS_STAT_H
| # include <sys/stat.h>
| #endif
| #ifdef STDC_HEADERS
| # include <stdlib.h>
| # include <stddef.h>
| #else
| # ifdef HAVE_STDLIB_H
| #  include <stdlib.h>
| # endif
| #endif
| #ifdef HAVE_STRING_H
| # if !defined STDC_HEADERS && defined HAVE_MEMORY_H
| #  include <memory.h>
| # endif
| # include <string.h>
| #endif
| #ifdef HAVE_STRINGS_H
| # include <strings.h>
| #endif
| #ifdef HAVE_INTTYPES_H
| # include <inttypes.h>
| #endif
| #ifdef HAVE_STDINT_H
| # include <stdint.h>
| #endif
| #ifdef HAVE_UNISTD_H
| # include <unistd.h>
| #endif
| int
| main ()
| {
| if (sizeof ((mode_t)))
| 	  return 0;
|   ;
|   return 0;
| }
configure:16490: result: yes
configure:16507: checking size of int
configure:16812: g++ -o conftest -g -O2   conftest.cpp  >&5
configure:16816: $? = 0
configure:16822: ./conftest
configure:16826: $? = 0
configure:16852: result: 4
configure:16866: checking size of long
configure:17171: g++ -o conftest -g -O2   conftest.cpp  >&5
configure:17175: $? = 0
configure:17181: ./conftest
configure:17185: $? = 0
configure:17211: result: 4
configure:17226: checking for streambuf
configure:17247: g++ -c -g -O2  conftest.cpp >&5
configure:17254: $? = 0
configure:17271: result: yes
configure:17287: checking for perl
configure:17305: found /usr/bin/perl
configure:17317: result: /usr/bin/perl
configure:17646: checking for fcntl.h
configure:17667: g++ -c -g -O2  conftest.cpp >&5
configure:17674: $? = 0
configure:17691: result: yes
configure:17646: checking for limits.h
configure:17667: g++ -c -g -O2  conftest.cpp >&5
configure:17674: $? = 0
configure:17691: result: yes
configure:17646: checking for sys/errno.h
configure:17667: g++ -c -g -O2  conftest.cpp >&5
configure:17674: $? = 0
configure:17691: result: yes
configure:17646: checking for sys/select.h
configure:17667: g++ -c -g -O2  conftest.cpp >&5
configure:17674: $? = 0
configure:17691: result: yes
configure:17708: checking for valgrind
configure:17741: result: no
configure:17782: checking for working memcmp
configure:17835: g++ -o conftest -g -O2   conftest.cpp  >&5
configure:17839: $? = 0
configure:17845: ./conftest
configure:17849: $? = 0
configure:17866: result: yes
configure:17880: checking for strerror
configure:17936: g++ -o conftest -g -O2   conftest.cpp  >&5
configure:17943: $? = 0
configure:17965: result: yes
configure:17880: checking for hstrerror
configure:17936: g++ -o conftest -g -O2   conftest.cpp  >&5
configure:17943: $? = 0
configure:17965: result: yes
configure:17978: checking for working ISO C90 conforming snprintf
configure:18021: g++ -o conftest -g -O2   conftest.cpp  >&5
configure:18025: $? = 0
configure:18031: ./conftest
configure:18035: $? = 0
configure:18057: result: snprintf
configure:18158: checking for zlib.h
configure:18179: g++ -c -g -O2  conftest.cpp >&5
configure:18186: $? = 0
configure:18203: result: yes
configure:18225: checking for library containing zlibVersion
configure:18266: g++ -o conftest -g -O2   conftest.cpp  >&5
Undefined symbols:
  "_zlibVersion", referenced from:
      _main in ccxmJZRu.o
ld: symbol(s) not found
collect2: ld returned 1 exit status
configure:18273: $? = 1
configure: failed program was:
| /* confdefs.h.  */
| #define PACKAGE_NAME "xapian-core"
| #define PACKAGE_TARNAME "xapian-core"
| #define PACKAGE_VERSION "1.0.11"
| #define PACKAGE_STRING "xapian-core 1.0.11"
| #define PACKAGE_BUGREPORT "http://xapian.org/bugs"
| #define PACKAGE "xapian-core"
| #define VERSION "1.0.11"
| #define STDC_HEADERS 1
| #define HAVE_SYS_TYPES_H 1
| #define HAVE_SYS_STAT_H 1
| #define HAVE_STDLIB_H 1
| #define HAVE_STRING_H 1
| #define HAVE_MEMORY_H 1
| #define HAVE_STRINGS_H 1
| #define HAVE_INTTYPES_H 1
| #define HAVE_STDINT_H 1
| #define HAVE_UNISTD_H 1
| #define HAVE_DLFCN_H 1
| #define USE_RTTI 1
| #define HAVE_GETTIMEOFDAY 1
| #define HAVE_FTIME 1
| #define HAVE_SYS_UTSNAME_H 1
| #define HAVE_GETHOSTNAME 1
| #define SIZEOF_INT 4
| #define SIZEOF_LONG 4
| #define HAVE_STREAMBUF 1
| #define HAVE_FCNTL_H 1
| #define HAVE_LIMITS_H 1
| #define HAVE_SYS_ERRNO_H 1
| #define HAVE_SYS_SELECT_H 1
| #define HAVE_STRERROR 1
| #define HAVE_HSTRERROR 1
| #define SNPRINTF_ISO snprintf
| #define SNPRINTF snprintf
| #define HAVE_ZLIB_H 1
| /* end confdefs.h.  */
| 
| /* Override any GCC internal prototype to avoid an error.
|    Use char because int might match the return type of a GCC
|    builtin and then its argument prototype would still apply.  */
| #ifdef __cplusplus
| extern "C"
| #endif
| char zlibVersion ();
| int
| main ()
| {
| return zlibVersion ();
|   ;
|   return 0;
| }
configure:18266: g++ -o conftest -g -O2   conftest.cpp -lz   >&5
configure:18273: $? = 0
configure:18304: result: -lz
configure:18339: g++ -E  conftest.cpp
configure:18346: $? = 0
configure:18372: checking for fork
configure:18428: g++ -o conftest -g -O2   conftest.cpp  >&5
configure:18435: $? = 0
configure:18457: result: yes
configure:18474: checking for library containing socketpair
configure:18515: g++ -o conftest -g -O2   conftest.cpp  >&5
configure:18522: $? = 0
configure:18553: result: none required
configure:18569: checking for library containing gethostbyname
configure:18610: g++ -o conftest -g -O2   conftest.cpp  >&5
configure:18617: $? = 0
configure:18648: result: none required
configure:18659: checking for library containing gethostbyaddr
configure:18700: g++ -o conftest -g -O2   conftest.cpp  >&5
configure:18707: $? = 0
configure:18738: result: none required
configure:18760: checking for type to use for 5th parameter to getsockopt
configure:18798: g++ -c -g -O2  conftest.cpp >&5
configure:18805: $? = 0
configure:18833: result: socklen_t
configure:18923: checking for library containing fdatasync
configure:18964: g++ -o conftest -g -O2   conftest.cpp  >&5
Undefined symbols:
  "_fdatasync", referenced from:
      _main in ccTpB5Ls.o
ld: symbol(s) not found
collect2: ld returned 1 exit status
configure:18971: $? = 1
configure: failed program was:
| /* confdefs.h.  */
| #define PACKAGE_NAME "xapian-core"
| #define PACKAGE_TARNAME "xapian-core"
| #define PACKAGE_VERSION "1.0.11"
| #define PACKAGE_STRING "xapian-core 1.0.11"
| #define PACKAGE_BUGREPORT "http://xapian.org/bugs"
| #define PACKAGE "xapian-core"
| #define VERSION "1.0.11"
| #define STDC_HEADERS 1
| #define HAVE_SYS_TYPES_H 1
| #define HAVE_SYS_STAT_H 1
| #define HAVE_STDLIB_H 1
| #define HAVE_STRING_H 1
| #define HAVE_MEMORY_H 1
| #define HAVE_STRINGS_H 1
| #define HAVE_INTTYPES_H 1
| #define HAVE_STDINT_H 1
| #define HAVE_UNISTD_H 1
| #define HAVE_DLFCN_H 1
| #define USE_RTTI 1
| #define HAVE_GETTIMEOFDAY 1
| #define HAVE_FTIME 1
| #define HAVE_SYS_UTSNAME_H 1
| #define HAVE_GETHOSTNAME 1
| #define SIZEOF_INT 4
| #define SIZEOF_LONG 4
| #define HAVE_STREAMBUF 1
| #define HAVE_FCNTL_H 1
| #define HAVE_LIMITS_H 1
| #define HAVE_SYS_ERRNO_H 1
| #define HAVE_SYS_SELECT_H 1
| #define HAVE_STRERROR 1
| #define HAVE_HSTRERROR 1
| #define SNPRINTF_ISO snprintf
| #define SNPRINTF snprintf
| #define HAVE_ZLIB_H 1
| #define HAVE_FORK 1
| #define HAVE_SOCKETPAIR 1
| #define SOCKLEN_T socklen_t
| /* end confdefs.h.  */
| 
| /* Override any GCC internal prototype to avoid an error.
|    Use char because int might match the return type of a GCC
|    builtin and then its argument prototype would still apply.  */
| #ifdef __cplusplus
| extern "C"
| #endif
| char fdatasync ();
| int
| main ()
| {
| return fdatasync ();
|   ;
|   return 0;
| }
configure:18964: g++ -o conftest -g -O2   conftest.cpp -lrt   >&5
ld: library not found for -lrt
collect2: ld returned 1 exit status
configure:18971: $? = 1
configure: failed program was:
| /* confdefs.h.  */
| #define PACKAGE_NAME "xapian-core"
| #define PACKAGE_TARNAME "xapian-core"
| #define PACKAGE_VERSION "1.0.11"
| #define PACKAGE_STRING "xapian-core 1.0.11"
| #define PACKAGE_BUGREPORT "http://xapian.org/bugs"
| #define PACKAGE "xapian-core"
| #define VERSION "1.0.11"
| #define STDC_HEADERS 1
| #define HAVE_SYS_TYPES_H 1
| #define HAVE_SYS_STAT_H 1
| #define HAVE_STDLIB_H 1
| #define HAVE_STRING_H 1
| #define HAVE_MEMORY_H 1
| #define HAVE_STRINGS_H 1
| #define HAVE_INTTYPES_H 1
| #define HAVE_STDINT_H 1
| #define HAVE_UNISTD_H 1
| #define HAVE_DLFCN_H 1
| #define USE_RTTI 1
| #define HAVE_GETTIMEOFDAY 1
| #define HAVE_FTIME 1
| #define HAVE_SYS_UTSNAME_H 1
| #define HAVE_GETHOSTNAME 1
| #define SIZEOF_INT 4
| #define SIZEOF_LONG 4
| #define HAVE_STREAMBUF 1
| #define HAVE_FCNTL_H 1
| #define HAVE_LIMITS_H 1
| #define HAVE_SYS_ERRNO_H 1
| #define HAVE_SYS_SELECT_H 1
| #define HAVE_STRERROR 1
| #define HAVE_HSTRERROR 1
| #define SNPRINTF_ISO snprintf
| #define SNPRINTF snprintf
| #define HAVE_ZLIB_H 1
| #define HAVE_FORK 1
| #define HAVE_SOCKETPAIR 1
| #define SOCKLEN_T socklen_t
| /* end confdefs.h.  */
| 
| /* Override any GCC internal prototype to avoid an error.
|    Use char because int might match the return type of a GCC
|    builtin and then its argument prototype would still apply.  */
| #ifdef __cplusplus
| extern "C"
| #endif
| char fdatasync ();
| int
| main ()
| {
| return fdatasync ();
|   ;
|   return 0;
| }
configure:19002: result: no
configure:19016: checking for fsync
configure:19072: g++ -o conftest -g -O2   conftest.cpp  >&5
configure:19079: $? = 0
configure:19101: result: yes
configure:19126: checking for pread
configure:19182: g++ -o conftest -g -O2   conftest.cpp  >&5
configure:19189: $? = 0
configure:19209: result: yes
configure:19217: checking for any prototype needed for pread
configure:19254: g++ -c -g -O2  conftest.cpp >&5
configure:19261: $? = 0
configure:19290: result: none required
configure:19304: checking for pwrite
configure:19360: g++ -o conftest -g -O2   conftest.cpp  >&5
configure:19367: $? = 0
configure:19387: result: yes
configure:19395: checking for any prototype needed for pwrite
configure:19432: g++ -c -g -O2  conftest.cpp >&5
configure:19439: $? = 0
configure:19468: result: none required
configure:19489: checking for link
configure:19545: g++ -o conftest -g -O2   conftest.cpp  >&5
configure:19552: $? = 0
configure:19574: result: yes
configure:19592: checking whether to use STLport
configure:19639: result: no
configure:19831: checking for g++ -Wl,-Bsymbolic-functions
configure:19848: result: no
configure:19882: checking for special C compiler options needed for large files
configure:19977: result: no
configure:19983: checking for _FILE_OFFSET_BITS value needed for large files
configure:20018: g++ -c -g -O2  conftest.cpp >&5
configure:20025: $? = 0
configure:20094: result: no
configure:20448: creating ./config.status

## ---------------------- ##
## Running config.status. ##
## ---------------------- ##

This file was extended by xapian-core config.status 1.0.11, which was
generated by GNU Autoconf 2.63.  Invocation command line was

  CONFIG_FILES    = 
  CONFIG_HEADERS  = 
  CONFIG_LINKS    = 
  CONFIG_COMMANDS = 
  $ ./config.status 

on CMU-322400.WV.CC.CMU.EDU

config.status:867: creating Makefile
config.status:867: creating tests/Makefile
config.status:867: creating docs/Makefile
config.status:867: creating docs/doxygen_api_conf
config.status:867: creating docs/doxygen_full_conf
config.status:867: creating xapian-core.spec
config.status:867: creating tests/runtest
config.status:867: creating tests/runsrv
config.status:867: creating xapian-config
config.status:867: creating makemanpage
config.status:867: creating docs/gen_codestructure_doc
config.status:867: creating generate-exceptions
config.status:867: creating languages/generate-allsnowballheaders
config.status:867: creating config.h
config.status:1089: config.h is unchanged
config.status:1141: executing depfiles commands

## ---------------- ##
## Cache variables. ##
## ---------------- ##

ac_cv_build=i386-apple-darwin9.6.2
ac_cv_c_compiler_gnu=yes
ac_cv_cxx_compiler_gnu=yes
ac_cv_env_CCC_set=
ac_cv_env_CCC_value=
ac_cv_env_CC_FOR_BUILD_set=
ac_cv_env_CC_FOR_BUILD_value=
ac_cv_env_CC_set=
ac_cv_env_CC_value=
ac_cv_env_CFLAGS_set=
ac_cv_env_CFLAGS_value=
ac_cv_env_CPPFLAGS_set=
ac_cv_env_CPPFLAGS_value=
ac_cv_env_CPP_set=
ac_cv_env_CPP_value=
ac_cv_env_CXXCPP_set=
ac_cv_env_CXXCPP_value=
ac_cv_env_CXXFLAGS_set=
ac_cv_env_CXXFLAGS_value=
ac_cv_env_CXX_set=
ac_cv_env_CXX_value=
ac_cv_env_LDFLAGS_set=
ac_cv_env_LDFLAGS_value=
ac_cv_env_LIBS_set=
ac_cv_env_LIBS_value=
ac_cv_env_build_alias_set=
ac_cv_env_build_alias_value=
ac_cv_env_host_alias_set=
ac_cv_env_host_alias_value=
ac_cv_env_target_alias_set=
ac_cv_env_target_alias_value=
ac_cv_func_fork=yes
ac_cv_func_fsync=yes
ac_cv_func_ftime=yes
ac_cv_func_gethostname=yes
ac_cv_func_gettimeofday=yes
ac_cv_func_hstrerror=yes
ac_cv_func_link=yes
ac_cv_func_memcmp_working=yes
ac_cv_func_pread=yes
ac_cv_func_pwrite=yes
ac_cv_func_snprintf=snprintf
ac_cv_func_snprintf_noniso=no
ac_cv_func_strerror=yes
ac_cv_header_dlfcn_h=yes
ac_cv_header_fcntl_h=yes
ac_cv_header_inttypes_h=yes
ac_cv_header_limits_h=yes
ac_cv_header_memory_h=yes
ac_cv_header_stdc=yes
ac_cv_header_stdint_h=yes
ac_cv_header_stdlib_h=yes
ac_cv_header_streambuf=yes
ac_cv_header_string_h=yes
ac_cv_header_strings_h=yes
ac_cv_header_sys_errno_h=yes
ac_cv_header_sys_select_h=yes
ac_cv_header_sys_stat_h=yes
ac_cv_header_sys_types_h=yes
ac_cv_header_sys_utsname_h=yes
ac_cv_header_unistd_h=yes
ac_cv_header_zlib_h=yes
ac_cv_host=i386-apple-darwin9.6.2
ac_cv_objext=o
ac_cv_path_EGREP='/usr/bin/grep -E'
ac_cv_path_GREP=/usr/bin/grep
ac_cv_path_PERL=/usr/bin/perl
ac_cv_path_install='/usr/bin/install -c'
ac_cv_prog_AWK=awk
ac_cv_prog_CPP='gcc -E'
ac_cv_prog_CXXCPP='g++ -E'
ac_cv_prog_ac_ct_AR=ar
ac_cv_prog_ac_ct_CC=gcc
ac_cv_prog_ac_ct_CXX=g++
ac_cv_prog_ac_ct_DSYMUTIL=dsymutil
ac_cv_prog_ac_ct_NMEDIT=nmedit
ac_cv_prog_ac_ct_RANLIB=ranlib
ac_cv_prog_ac_ct_STRIP=strip
ac_cv_prog_cc_c89=
ac_cv_prog_cc_g=yes
ac_cv_prog_cxx_g=yes
ac_cv_prog_make_make_set=yes
ac_cv_search_fdatasync=no
ac_cv_search_gethostbyaddr='none required'
ac_cv_search_gethostbyname='none required'
ac_cv_search_socketpair='none required'
ac_cv_search_zlibVersion=-lz
ac_cv_sizeof_int=4
ac_cv_sizeof_long=4
ac_cv_sys_file_offset_bits=no
ac_cv_sys_largefile_CC=no
ac_cv_type_mode_t=yes
ac_cv_type_pid_t=yes
ac_cv_type_ssize_t=yes
am_cv_CC_dependencies_compiler_type=gcc3
am_cv_CXX_dependencies_compiler_type=gcc3
am_cv_prog_tar_ustar=gnutar
lt_cv_apple_cc_single_mod=yes
lt_cv_deplibs_check_method=pass_all
lt_cv_file_magic_cmd='$MAGIC_CMD'
lt_cv_file_magic_test_file=
lt_cv_ld_exported_symbols_list=yes
lt_cv_ld_reload_flag=-r
lt_cv_objdir=.libs
lt_cv_path_LD=/usr/libexec/gcc/i686-apple-darwin9/4.0.1/ld
lt_cv_path_LDCXX=/usr/libexec/gcc/i686-apple-darwin9/4.0.1/ld
lt_cv_path_NM='/usr/bin/nm -p'
lt_cv_path_SED=/usr/bin/sed
lt_cv_prog_compiler_c_o=yes
lt_cv_prog_compiler_c_o_CXX=yes
lt_cv_prog_compiler_pic_works=yes
lt_cv_prog_compiler_pic_works_CXX=yes
lt_cv_prog_compiler_rtti_exceptions=no
lt_cv_prog_compiler_static_works=no
lt_cv_prog_compiler_static_works_CXX=no
lt_cv_prog_gnu_ld=no
lt_cv_prog_gnu_ldcxx=no
lt_cv_sys_global_symbol_pipe='sed -n -e '\''s/^.*[ 	]\([BCDEGRST][BCDEGRST]*\)[ 	][ 	]*_\([_A-Za-z][_A-Za-z0-9]*\)$/\1 _\2 \2/p'\'''
lt_cv_sys_global_symbol_to_c_name_address='sed -n -e '\''s/^: \([^ ]*\) $/  {\"\1\", (lt_ptr) 0},/p'\'' -e '\''s/^[BCDEGRST] \([^ ]*\) \([^ ]*\)$/  {"\2", (lt_ptr) \&\2},/p'\'''
lt_cv_sys_global_symbol_to_cdecl='sed -n -e '\''s/^. .* \(.*\)$/extern int \1;/p'\'''
lt_cv_sys_lib_dlsearch_path_spec='/usr/local/lib /lib /usr/lib'
lt_cv_sys_lib_search_path_spec='/usr/lib/i686-apple-darwin9/4.0.1 /usr/lib /usr/lib/gcc/i686-apple-darwin9/4.0.1 /usr/local/lib'
lt_cv_sys_max_cmd_len=196608
lt_lt_cv_prog_compiler_c_o='"yes"'
lt_lt_cv_prog_compiler_c_o_CXX='"yes"'
lt_lt_cv_sys_global_symbol_pipe='"sed -n -e '\''s/^.*[ 	]\\([BCDEGRST][BCDEGRST]*\\)[ 	][ 	]*_\\([_A-Za-z][_A-Za-z0-9]*\\)\$/\\1 _\\2 \\2/p'\''"'
lt_lt_cv_sys_global_symbol_to_c_name_address='"sed -n -e '\''s/^: \\([^ ]*\\) \$/  {\\\"\\1\\\", (lt_ptr) 0},/p'\'' -e '\''s/^[BCDEGRST] \\([^ ]*\\) \\([^ ]*\\)\$/  {\"\\2\", (lt_ptr) \\&\\2},/p'\''"'
lt_lt_cv_sys_global_symbol_to_cdecl='"sed -n -e '\''s/^. .* \\(.*\\)\$/extern int \\1;/p'\''"'
xo_cv_cxx_works=yes
xo_cv_pread_prototype=' '
xo_cv_pwrite_prototype=' '
xo_cv_socklen_t_equiv=socklen_t
xo_cv_symbolic_functions=no

## ----------------- ##
## Output variables. ##
## ----------------- ##

ACLOCAL='${SHELL} /Users/Avalin/projects/dormhost/xapian-core-1.0.11/missing --run aclocal-1.10 '
AMDEPBACKSLASH='\'
AMDEP_FALSE='#'
AMDEP_TRUE=''
AMTAR='${SHELL} /Users/Avalin/projects/dormhost/xapian-core-1.0.11/missing --run tar'
AM_CXXFLAGS=' -Wall -W -Wredundant-decls -Wpointer-arith -Wcast-qual -Wcast-align -Wno-long-long -Wformat-security -fno-gnu-keywords -Wundef -Wshadow -fvisibility=hidden'
ANSI_CXXFLAGS=''
AR='ar'
AUTOCONF='${SHELL} /Users/Avalin/projects/dormhost/xapian-core-1.0.11/missing --run autoconf'
AUTOHEADER='${SHELL} /Users/Avalin/projects/dormhost/xapian-core-1.0.11/missing --run autoheader'
AUTOMAKE='${SHELL} /Users/Avalin/projects/dormhost/xapian-core-1.0.11/missing --run automake-1.10'
AWK='awk'
BUILD_BACKEND_FLINT_FALSE='#'
BUILD_BACKEND_FLINT_TRUE=''
BUILD_BACKEND_INMEMORY_FALSE='#'
BUILD_BACKEND_INMEMORY_TRUE=''
BUILD_BACKEND_QUARTZ_FALSE='#'
BUILD_BACKEND_QUARTZ_TRUE=''
BUILD_BACKEND_REMOTE_FALSE='#'
BUILD_BACKEND_REMOTE_TRUE=''
CC=''
CCDEPMODE='depmode=gcc3'
CC_FOR_BUILD='gcc'
CFLAGS='-g -O2'
CPP='gcc -E'
CPPFLAGS=''
CXX='g++'
CXXCPP='g++ -E'
CXXDEPMODE='depmode=gcc3'
CXXFLAGS='-g -O2'
CYGPATH_W='echo'
DEFS='-DHAVE_CONFIG_H'
DEPDIR='.deps'
DOCUMENTATION_RULES_FALSE=''
DOCUMENTATION_RULES_TRUE='#'
DOT=''
DOXYGEN=''
DOXYGEN_DOT_PATH=''
DSYMUTIL='dsymutil'
ECHO='/bin/echo'
ECHO_C='\c'
ECHO_N=''
ECHO_T=''
EGREP='/usr/bin/grep -E'
EXEEXT=''
GREP='/usr/bin/grep'
HELP2MAN=''
INSTALL_DATA='${INSTALL} -m 644'
INSTALL_PROGRAM='${INSTALL}'
INSTALL_SCRIPT='${INSTALL}'
INSTALL_STRIP_PROGRAM='$(install_sh) -c -s'
LDFLAGS=''
LIBOBJS=''
LIBRARY_VERSION_INFO='21:2:6'
LIBS=''
LIBTOOL='$(SHELL) $(top_builddir)/libtool'
LN_S='ln -s'
LTLIBOBJS=''
MAINT='#'
MAINTAINER_MODE_FALSE=''
MAINTAINER_MODE_TRUE='#'
MAINTAINER_NO_DOCS_FALSE=''
MAINTAINER_NO_DOCS_TRUE='#'
MAKEINDEX=''
MAKEINFO='${SHELL} /Users/Avalin/projects/dormhost/xapian-core-1.0.11/missing --run makeinfo'
MKDIR_P='./install-sh -c -d'
NMEDIT='nmedit'
OBJEXT='o'
PACKAGE='xapian-core'
PACKAGE_BUGREPORT='http://xapian.org/bugs'
PACKAGE_NAME='xapian-core'
PACKAGE_STRING='xapian-core 1.0.11'
PACKAGE_TARNAME='xapian-core'
PACKAGE_VERSION='1.0.11'
PATH_SEPARATOR=':'
PERL='/usr/bin/perl'
PNGCRUSH=''
QUIET=''
RANLIB='ranlib'
RST2HTML=''
SED='/usr/bin/sed'
SET_MAKE=''
SHELL='/bin/sh'
STLPORT_CXXFLAGS=''
STLPORT_INCLUDE=''
STLPORT_LIBS=''
STRIP='strip'
VALGRIND=''
VERSION='1.0.11'
VPATH_BUILD_FALSE=''
VPATH_BUILD_TRUE='#'
XAPIAN_LDFLAGS=' -lz  '
ac_ct_CC='gcc'
ac_ct_CXX='g++'
am__fastdepCC_FALSE='#'
am__fastdepCC_TRUE=''
am__fastdepCXX_FALSE='#'
am__fastdepCXX_TRUE=''
am__include='include'
am__isrc=''
am__leading_dot='.'
am__quote=''
am__tar='tar --format=ustar -chf - "$$tardir"'
am__untar='tar -xf -'
bindir='${exec_prefix}/bin'
build='i386-apple-darwin9.6.2'
build_alias=''
build_cpu='i386'
build_os='darwin9.6.2'
build_vendor='apple'
datadir='${datarootdir}'
datarootdir='${prefix}/share'
docdir='${datarootdir}/doc/${PACKAGE_TARNAME}'
dvidir='${docdir}'
exec_prefix='${prefix}'
host='i386-apple-darwin9.6.2'
host_alias=''
host_cpu='i386'
host_os='darwin9.6.2'
host_vendor='apple'
htmldir='${docdir}'
includedir='${prefix}/include'
infodir='${datarootdir}/info'
install_sh='$(SHELL) /Users/Avalin/projects/dormhost/xapian-core-1.0.11/install-sh'
ldflags=''
libdir='${exec_prefix}/lib'
libexecdir='${exec_prefix}/libexec'
link_all_deplibs_CXX='yes'
localedir='${datarootdir}/locale'
localstatedir='${prefix}/var'
mandir='${datarootdir}/man'
mkdir_p='$(top_builddir)/./install-sh -c -d'
oldincludedir='/usr/include'
pdfdir='${docdir}'
prefix='/usr/local'
program_transform_name='s,x,x,'
psdir='${docdir}'
sbindir='${exec_prefix}/sbin'
sharedstatedir='${prefix}/com'
sysconfdir='${prefix}/etc'
target_alias=''

## ----------- ##
## confdefs.h. ##
## ----------- ##

#define PACKAGE_NAME "xapian-core"
#define PACKAGE_TARNAME "xapian-core"
#define PACKAGE_VERSION "1.0.11"
#define PACKAGE_STRING "xapian-core 1.0.11"
#define PACKAGE_BUGREPORT "http://xapian.org/bugs"
#define PACKAGE "xapian-core"
#define VERSION "1.0.11"
#define STDC_HEADERS 1
#define HAVE_SYS_TYPES_H 1
#define HAVE_SYS_STAT_H 1
#define HAVE_STDLIB_H 1
#define HAVE_STRING_H 1
#define HAVE_MEMORY_H 1
#define HAVE_STRINGS_H 1
#define HAVE_INTTYPES_H 1
#define HAVE_STDINT_H 1
#define HAVE_UNISTD_H 1
#define HAVE_DLFCN_H 1
#define USE_RTTI 1
#define HAVE_GETTIMEOFDAY 1
#define HAVE_FTIME 1
#define HAVE_SYS_UTSNAME_H 1
#define HAVE_GETHOSTNAME 1
#define SIZEOF_INT 4
#define SIZEOF_LONG 4
#define HAVE_STREAMBUF 1
#define HAVE_FCNTL_H 1
#define HAVE_LIMITS_H 1
#define HAVE_SYS_ERRNO_H 1
#define HAVE_SYS_SELECT_H 1
#define HAVE_STRERROR 1
#define HAVE_HSTRERROR 1
#define SNPRINTF_ISO snprintf
#define SNPRINTF snprintf
#define HAVE_ZLIB_H 1
#define HAVE_FORK 1
#define HAVE_SOCKETPAIR 1
#define SOCKLEN_T socklen_t
#define HAVE_FSYNC 1
#define HAVE_PREAD 1
#define HAVE_PWRITE 1
#define HAVE_LINK 1

configure: exit 0
